{"level":"info","message":"Server started","timestamp":"2026-04-12T16:35:57.527Z"}
{"level":"info","message":"Server started","timestamp":"2026-04-12T16:36:14.212Z"}
{"level":"info","message":"Server started","timestamp":"2026-04-12T16:36:18.333Z"}
{"level":"info","message":"Server started","timestamp":"2026-04-12T16:36:20.117Z"}
{"level":"info","message":"Server started","timestamp":"2026-04-12T16:36:32.486Z"}
{"level":"info","message":"Server started","timestamp":"2026-04-12T16:36:38.257Z"}
{"level":"info","message":"Server started","timestamp":"2026-04-12T16:36:42.847Z"}
{"level":"info","message":"Server started","timestamp":"2026-04-12T16:37:42.552Z"}
{"level":"info","message":"Server started","timestamp":"2026-04-12T16:37:59.475Z"}
{"level":"info","message":"Server started","timestamp":"2026-04-12T16:38:07.363Z"}
{"level":"info","message":"Server started","timestamp":"2026-04-12T16:38:47.748Z"}
{"level":"error","message":"diffMinutes is not defined","timestamp":"2026-04-12T16:38:51.663Z"}
{"level":"info","message":"Server started","timestamp":"2026-04-12T16:39:26.357Z"}
{"id":"69dbc06dfbb4511dbe60fd3f","ip":"::ffff:127.0.0.1","level":"warn","message":"Login attempt","timestamp":"2026-04-12T16:39:33.798Z"}
{"id":"69dbc06dfbb4511dbe60fd3f","ip":"::ffff:127.0.0.1","level":"warn","message":"Login attempt","timestamp":"2026-04-12T16:39:36.814Z"}
{"id":"69dbc06dfbb4511dbe60fd3f","ip":"::ffff:127.0.0.1","level":"warn","message":"Login attempt","timestamp":"2026-04-12T16:39:39.004Z"}
{"id":"69dbc06dfbb4511dbe60fd3f","ip":"::ffff:127.0.0.1","level":"warn","message":"Login attempt","timestamp":"2026-04-12T16:39:41.707Z"}
{"id":"69dbc06dfbb4511dbe60fd3f","ip":"::ffff:127.0.0.1","level":"warn","message":"Login attempt","timestamp":"2026-04-12T16:39:44.004Z"}
{"level":"info","message":"Server started","timestamp":"2026-04-12T16:40:38.730Z"}
{"id":"69dbc06dfbb4511dbe60fd3f","ip":"::ffff:127.0.0.1","level":"warn","message":"Login attempt","timestamp":"2026-04-12T16:40:46.157Z"}
{"id":"69dbc06dfbb4511dbe60fd3f","ip":"::ffff:127.0.0.1","level":"warn","message":"Login attempt","timestamp":"2026-04-12T16:40:52.382Z"}
{"id":"69dbc06dfbb4511dbe60fd3f","ip":"::ffff:127.0.0.1","level":"warn","message":"Login attempt","timestamp":"2026-04-12T16:40:53.716Z"}
{"id":"69dbc06dfbb4511dbe60fd3f","ip":"::ffff:127.0.0.1","level":"warn","message":"Login attempt","timestamp":"2026-04-12T16:40:55.079Z"}
{"id":"69dbc06dfbb4511dbe60fd3f","ip":"::ffff:127.0.0.1","level":"warn","message":"Login attempt","timestamp":"2026-04-12T16:40:56.306Z"}
{"id":"69dbc06dfbb4511dbe60fd3f","ip":"::ffff:127.0.0.1","level":"warn","message":"Login attempt","timestamp":"2026-04-12T16:40:58.249Z"}
{"id":"69dbc06dfbb4511dbe60fd3f","ip":"::ffff:127.0.0.1","level":"warn","message":"Login attempt","timestamp":"2026-04-12T16:40:59.624Z"}
{"id":"69dbc06dfbb4511dbe60fd3f","ip":"::ffff:127.0.0.1","level":"warn","message":"Login attempt","timestamp":"2026-04-12T16:41:05.975Z"}
{"level":"info","message":"Server started","timestamp":"2026-04-12T16:41:36.975Z"}
{"level":"info","message":"Server started","timestamp":"2026-04-12T16:41:43.369Z"}
{"level":"info","message":"Server started","timestamp":"2026-04-12T16:42:01.606Z"}
{"level":"info","message":"Server started","timestamp":"2026-04-12T16:43:02.763Z"}
{"level":"info","message":"Server started","timestamp":"2026-04-12T16:43:03.749Z"}
{"level":"info","message":"Server started","timestamp":"2026-04-12T16:43:06.548Z"}
{"level":"info","message":"Server started","timestamp":"2026-04-12T16:43:38.527Z"}
{"level":"info","message":"Server started","timestamp":"2026-04-12T16:43:40.135Z"}
{"level":"info","message":"Server started","timestamp":"2026-04-12T16:43:45.383Z"}
{"level":"info","message":"Server started","timestamp":"2026-04-12T16:44:15.316Z"}
{"level":"info","message":"Server started","timestamp":"2026-04-12T16:44:29.021Z"}
{"level":"info","message":"Server started","timestamp":"2026-04-12T16:44:36.649Z"}
{"id":"69dbcbf10a8910b4eb89311d","ip":"::ffff:127.0.0.1","level":"warn","message":"Login attempt","timestamp":"2026-04-12T16:44:42.791Z"}
{"id":"69dbcbf10a8910b4eb89311d","ip":"::ffff:127.0.0.1","level":"warn","message":"Login attempt","timestamp":"2026-04-12T16:44:44.695Z"}
{"id":"69dbcbf10a8910b4eb89311d","ip":"::ffff:127.0.0.1","level":"warn","message":"Login attempt","timestamp":"2026-04-12T16:44:47.031Z"}
{"id":"69dbcbf10a8910b4eb89311d","ip":"::ffff:127.0.0.1","level":"warn","message":"Login attempt","timestamp":"2026-04-12T16:44:48.480Z"}
{"id":"69dbcbf10a8910b4eb89311d","ip":"::ffff:127.0.0.1","level":"warn","message":"Login attempt","timestamp":"2026-04-12T16:44:50.077Z"}
{"id":"69dbcbf10a8910b4eb89311d","ip":"::ffff:127.0.0.1","level":"warn","message":"Login attempt","timestamp":"2026-04-12T16:44:53.128Z"}
{"id":"69dbcbf10a8910b4eb89311d","level":"warn","message":"Account is locked","timestamp":"2026-04-12T16:44:53.129Z"}
{"level":"info","message":"Server started","timestamp":"2026-04-12T16:45:42.922Z"}
{"attempts":6,"id":"69dbcbf10a8910b4eb89311d","level":"warn","message":"Account is locked","timestamp":"2026-04-12T16:45:47.896Z"}
{"level":"info","message":"Server started","timestamp":"2026-04-12T16:46:06.226Z"}
{"attempts":6,"id":"69dbcbf10a8910b4eb89311d","level":"warn","message":"Account is locked","timestamp":"2026-04-12T16:46:07.738Z"}
{"level":"error","message":"math is not defined","timestamp":"2026-04-12T16:46:07.738Z"}
{"level":"info","message":"Server started","timestamp":"2026-04-12T16:46:27.895Z"}
{"attempts":6,"id":"69dbcbf10a8910b4eb89311d","level":"warn","message":"Account is locked","timestamp":"2026-04-12T16:46:34.889Z"}
{"level":"info","message":"Server started","timestamp":"2026-04-12T16:46:41.361Z"}
{"level":"info","message":"Server started","timestamp":"2026-04-12T16:47:19.400Z"}
{"level":"info","message":"Server started","timestamp":"2026-04-12T16:48:50.505Z"}
{"level":"info","message":"Server started","timestamp":"2026-04-12T16:48:51.299Z"}
{"level":"info","message":"Server started","timestamp":"2026-04-12T16:49:33.610Z"}
{"level":"info","message":"Server started","timestamp":"2026-04-12T16:49:49.232Z"}
{"level":"info","message":"Server started","timestamp":"2026-04-12T16:49:53.122Z"}
{"level":"info","message":"Server started","timestamp":"2026-04-12T16:50:14.130Z"}
{"level":"info","message":"Server started","timestamp":"2026-04-12T16:50:24.347Z"}
{"level":"info","message":"Server started","timestamp":"2026-04-12T16:50:39.435Z"}
{"level":"info","message":"Server started","timestamp":"2026-04-12T16:50:43.102Z"}
{"level":"info","message":"Server started","timestamp":"2026-04-12T16:51:08.300Z"}
{"level":"info","message":"Server started","timestamp":"2026-04-12T16:51:36.175Z"}
{"id":"69dbcbf10a8910b4eb89311d","level":"warn","message":"Account is unlocked","timestamp":"2026-04-12T16:51:41.458Z"}
{"id":"69dbcbf10a8910b4eb89311d","ip":"::ffff:127.0.0.1","level":"warn","message":"Login attempt","timestamp":"2026-04-12T16:51:41.469Z"}
{"id":"69dbcbf10a8910b4eb89311d","level":"warn","message":"Account is locked","timestamp":"2026-04-12T16:51:41.470Z"}
{"attempts":7,"id":"69dbcbf10a8910b4eb89311d","level":"warn","message":"Account is locked","timestamp":"2026-04-12T16:51:44.377Z"}
{"level":"info","message":"Server started","timestamp":"2026-04-12T16:54:27.720Z"}
{"level":"info","message":"Server started","timestamp":"2026-04-12T16:55:12.474Z"}
{"attempts":7,"id":"69dbcbf10a8910b4eb89311d","level":"warn","message":"Account is locked","timestamp":"2026-04-12T16:55:16.310Z"}
{"level":"info","message":"Server started","timestamp":"2026-04-12T16:55:35.780Z"}
{"attempts":7,"id":"69dbcbf10a8910b4eb89311d","level":"warn","message":"Account is locked","timestamp":"2026-04-12T16:55:36.868Z"}
{"attempts":7,"id":"69dbcbf10a8910b4eb89311d","level":"warn","message":"Account is locked","timestamp":"2026-04-12T16:55:37.774Z"}
{"attempts":7,"id":"69dbcbf10a8910b4eb89311d","level":"warn","message":"Account is locked","timestamp":"2026-04-12T16:55:38.409Z"}
{"level":"info","message":"Server started","timestamp":"2026-04-12T16:55:39.234Z"}
{"level":"info","message":"Server started","timestamp":"2026-04-12T16:55:40.743Z"}
{"attempts":7,"id":"69dbcbf10a8910b4eb89311d","level":"warn","message":"Account is locked","timestamp":"2026-04-12T16:55:43.278Z"}
{"level":"info","message":"Server started","timestamp":"2026-04-12T16:55:51.569Z"}
{"level":"info","message":"Server started","timestamp":"2026-04-12T16:56:00.764Z"}
{"id":"69dbcbf10a8910b4eb89311d","level":"warn","message":"Account is unlocked","timestamp":"2026-04-12T16:56:01.139Z"}
{"level":"info","message":"Server started","timestamp":"2026-04-12T16:56:13.281Z"}
{"level":"info","message":"Server started","timestamp":"2026-04-12T16:56:22.399Z"}
{"level":"info","message":"Server started","timestamp":"2026-04-12T16:56:22.685Z"}
{"id":"69dbcbf10a8910b4eb89311d","ip":"::ffff:127.0.0.1","level":"warn","message":"Unauthorized Access Attempt","timestamp":"2026-04-12T16:57:17.499Z","url":"/createreserve/11907476"}
{"level":"info","message":"Server started","timestamp":"2026-04-12T16:57:21.624Z"}
{"level":"info","message":"Server started","timestamp":"2026-04-12T16:57:33.452Z"}
{"id":"69dbcbf10a8910b4eb89311d","ip":"::ffff:127.0.0.1","level":"warn","message":"Unauthorized Access Attempt","timestamp":"2026-04-12T16:59:41.462Z","url":"/viewreservs/11907476"}
{"level":"info","message":"Server started","timestamp":"2026-04-12T17:02:41.506Z"}
{"level":"info","message":"Server started","timestamp":"2026-04-12T17:03:04.156Z"}
{"level":"info","message":"Server started","timestamp":"2026-04-12T17:03:06.185Z"}
{"level":"info","message":"Server started","timestamp":"2026-04-12T17:03:32.623Z"}
{"level":"info","message":"Server started","timestamp":"2026-04-12T17:03:56.328Z"}
{"level":"info","message":"Server started","timestamp":"2026-04-12T17:04:26.653Z"}
{"level":"info","message":"Server started","timestamp":"2026-04-12T17:04:37.966Z"}
{"level":"info","message":"Server started","timestamp":"2026-04-12T17:04:38.540Z"}
{"level":"info","message":"Server started","timestamp":"2026-04-12T17:05:06.774Z"}
{"level":"info","message":"Server started","timestamp":"2026-04-12T17:05:19.309Z"}
{"level":"info","message":"Server started","timestamp":"2026-04-12T17:06:13.332Z"}
{"level":"info","message":"Server started","timestamp":"2026-04-12T17:06:18.238Z"}
{"level":"info","message":"Server started","timestamp":"2026-04-12T17:07:11.805Z"}
{"level":"info","message":"Server started","timestamp":"2026-04-12T17:07:35.101Z"}
{"level":"info","message":"Server started","timestamp":"2026-04-12T17:08:18.432Z"}
{"level":"info","message":"Server started","timestamp":"2026-04-12T17:08:24.910Z"}
{"level":"info","message":"Server started","timestamp":"2026-04-12T17:09:57.671Z"}
{"level":"info","message":"Server started","timestamp":"2026-04-12T17:10:37.615Z"}
{"level":"info","message":"Server started","timestamp":"2026-04-12T17:11:13.779Z"}
{"level":"error","message":"Cannot read properties of undefined (reading 'user')","timestamp":"2026-04-12T17:11:19.760Z"}
{"level":"error","message":"Cannot read properties of undefined (reading 'user')","timestamp":"2026-04-12T17:11:37.611Z"}
{"level":"info","message":"Server started","timestamp":"2026-04-12T17:13:35.418Z"}
{"level":"info","message":"Server started","timestamp":"2026-04-12T17:13:36.694Z"}
{"level":"info","message":"Server started","timestamp":"2026-04-12T17:13:40.425Z"}
{"level":"error","message":"Cannot read properties of undefined (reading 'user')","timestamp":"2026-04-12T17:13:44.940Z"}
{"level":"info","message":"Server started","timestamp":"2026-04-12T17:14:17.014Z"}
{"level":"error","message":"Cannot read properties of undefined (reading 'user')","timestamp":"2026-04-12T17:14:22.158Z"}
{"level":"info","message":"Server started","timestamp":"2026-04-12T17:15:04.984Z"}
{"level":"info","message":"Server started","timestamp":"2026-04-12T17:15:35.056Z"}
{"level":"info","message":"Server started","timestamp":"2026-04-12T17:15:59.651Z"}
{"level":"info","message":"Server started","timestamp":"2026-04-12T17:16:20.796Z"}
{"level":"info","message":"Server started","timestamp":"2026-04-12T17:20:54.313Z"}
{"level":"info","message":"Server started","timestamp":"2026-04-12T17:30:55.876Z"}
{"level":"info","message":"Server started","timestamp":"2026-04-12T17:32:05.924Z"}
{"level":"info","message":"Server started","timestamp":"2026-04-12T17:32:12.636Z"}
{"level":"info","message":"Server started","timestamp":"2026-04-12T17:32:38.443Z"}
{"level":"info","message":"Server started","timestamp":"2026-04-12T17:33:00.019Z"}
{"level":"info","message":"Server started","timestamp":"2026-04-12T17:33:18.745Z"}
{"level":"info","message":"Server started","timestamp":"2026-04-12T17:33:43.845Z"}
{"level":"info","message":"Server started","timestamp":"2026-04-12T17:34:47.922Z"}
{"level":"info","message":"Server started","timestamp":"2026-04-12T17:35:02.558Z"}
{"level":"info","message":"Server started","timestamp":"2026-04-12T17:35:47.730Z"}
{"level":"info","message":"Server started","timestamp":"2026-04-12T17:36:45.153Z"}
{"level":"info","message":"Server started","timestamp":"2026-04-12T17:37:31.950Z"}
{"level":"info","message":"Server started","timestamp":"2026-04-12T17:37:51.127Z"}
{"level":"info","message":"Server started","timestamp":"2026-04-12T17:38:08.603Z"}
{"changedBy":"69dbcbf10a8910b4eb89311d","level":"info","message":"Role changed","newRole":"technician","targetUser":"69dbcbf10a8910b4eb893119","timestamp":"2026-04-12T17:38:22.474Z"}
{"level":"info","message":"Server started","timestamp":"2026-04-12T17:38:47.363Z"}
{"changedBy":"69dbcbf10a8910b4eb89311d","level":"info","message":"Role changed","newRole":"technician","targetUser":"69dbcbf10a8910b4eb89311a","timestamp":"2026-04-12T17:39:16.203Z"}
{"level":"info","message":"Server started","timestamp":"2026-04-12T17:40:22.030Z"}
{"changedBy":"69dbcbf10a8910b4eb89311d","level":"info","message":"Role changed","newRole":"student","targetUser":"69dbcbf10a8910b4eb893119","timestamp":"2026-04-12T17:40:28.119Z"}
{"level":"info","message":"Server started","timestamp":"2026-04-12T17:40:49.352Z"}
{"changedBy":"69dbcbf10a8910b4eb89311d","level":"info","message":"Role changed","newRole":"student","targetUser":"69dbcbf10a8910b4eb89311a","timestamp":"2026-04-12T17:40:55.846Z"}
{"level":"info","message":"Server started","timestamp":"2026-04-12T17:42:12.480Z"}
{"changedBy":"69dbcbf10a8910b4eb89311d","level":"info","message":"Role changed","newRole":"technician","targetUser":"69dbcbf10a8910b4eb89311b","timestamp":"2026-04-12T17:42:45.333Z"}
{"level":"info","message":"Server started","timestamp":"2026-04-12T17:44:36.960Z"}
{"level":"info","message":"Server started","timestamp":"2026-04-12T17:50:05.967Z"}
{"changedBy":"69dbcbf10a8910b4eb89311d","level":"info","message":"Role changed","newRole":"moderator","targetUser":"69dbcbf10a8910b4eb89311b","timestamp":"2026-04-12T17:50:19.782Z"}
{"changedBy":"69dbcbf10a8910b4eb89311d","level":"info","message":"Role changed","newRole":"admin","targetUser":"69dbcbf10a8910b4eb89311b","timestamp":"2026-04-12T17:50:21.478Z"}
{"changedBy":"69dbcbf10a8910b4eb89311d","level":"info","message":"Role changed","newRole":"user","targetUser":"69dbcbf10a8910b4eb89311b","timestamp":"2026-04-12T17:50:22.828Z"}
{"level":"info","message":"Server started","timestamp":"2026-04-12T17:53:27.867Z"}
{"level":"info","message":"Server started","timestamp":"2026-04-12T17:53:30.515Z"}
{"level":"info","message":"Server started","timestamp":"2026-04-12T17:53:31.472Z"}
{"level":"info","message":"Server started","timestamp":"2026-04-12T17:53:35.590Z"}
{"level":"info","message":"Server started","timestamp":"2026-04-12T17:53:49.785Z"}
{"level":"info","message":"Server started","timestamp":"2026-04-12T17:54:04.759Z"}
{"level":"info","message":"Server started","timestamp":"2026-04-12T17:54:05.356Z"}
{"level":"info","message":"Server started","timestamp":"2026-04-12T17:54:08.246Z"}
{"level":"info","message":"Server started","timestamp":"2026-04-12T17:54:57.287Z"}
{"level":"info","message":"Server started","timestamp":"2026-04-12T17:55:26.686Z"}
{"level":"info","message":"Server started","timestamp":"2026-04-12T17:55:34.333Z"}
{"level":"info","message":"Server started","timestamp":"2026-04-12T17:55:43.917Z"}
{"level":"info","message":"Server started","timestamp":"2026-04-12T17:55:48.928Z"}
{"level":"info","message":"Server started","timestamp":"2026-04-12T17:56:16.585Z"}
{"level":"info","message":"Server started","timestamp":"2026-04-12T17:56:25.226Z"}
{"level":"info","message":"Server started","timestamp":"2026-04-12T17:56:45.419Z"}
{"level":"info","message":"Server started","timestamp":"2026-04-12T17:56:50.935Z"}
{"level":"info","message":"Server started","timestamp":"2026-04-12T17:56:53.016Z"}
{"level":"info","message":"Server started","timestamp":"2026-04-12T17:57:11.924Z"}
{"level":"info","message":"Server started","timestamp":"2026-04-12T17:58:01.771Z"}
{"level":"info","message":"Server started","timestamp":"2026-04-12T17:58:05.294Z"}
{"level":"info","message":"Server started","timestamp":"2026-04-12T17:58:09.135Z"}
{"level":"info","message":"Server started","timestamp":"2026-04-12T17:58:26.433Z"}
{"level":"info","message":"Server started","timestamp":"2026-04-12T17:58:29.162Z"}
{"level":"info","message":"Server started","timestamp":"2026-04-12T17:58:46.529Z"}
{"level":"info","message":"Server started","timestamp":"2026-04-12T17:59:11.904Z"}
{"id":"69dbcbf10a8910b4eb89311c","ip":"::ffff:127.0.0.1","level":"warn","message":"Unauthorized Access Attempt","timestamp":"2026-04-12T17:59:46.401Z","url":"/Tcreatereserve"}
{"id":"69dbcbf10a8910b4eb89311c","ip":"::ffff:127.0.0.1","level":"warn","message":"Unauthorized Access Attempt","timestamp":"2026-04-12T18:00:11.386Z","url":"/Tcreatereserve"}
{"level":"info","message":"Server started","timestamp":"2026-04-12T18:00:56.871Z"}
{"level":"info","message":"Server started","timestamp":"2026-04-12T18:00:58.347Z"}
{"level":"info","message":"Server started","timestamp":"2026-04-12T20:45:41.284Z"}
{"level":"info","message":"Server started","timestamp":"2026-04-13T09:56:36.145Z"}
{"level":"info","message":"Server started","timestamp":"2026-04-13T10:12:44.611Z"}
